14:22:35 === GetRunningGames() called ===
14:22:35 REAL GAME detected: EpicOnlineServicesUserHelper at C:\Program Files (x86)\Epic Games\Epic Online Services\EpicOnlineServicesUserHelper.exe
14:22:35 REAL GAME detected: EpicOnlineServicesUserHelper at C:\Program Files (x86)\Epic Games\Epic Online Services\EpicOnlineServicesUserHelper.exe
14:22:35 REAL GAME detected: EpicGamesLauncher at C:\Program Files (x86)\Epic Games\Launcher\Portal\Binaries\Win64\EpicGamesLauncher.exe
14:22:35 REAL GAME detected: EpicWebHelper at C:\Program Files (x86)\Epic Games\Launcher\Engine\Binaries\Win64\EpicWebHelper.exe
14:22:35 REAL GAME detected: EpicWebHelper at C:\Program Files (x86)\Epic Games\Launcher\Engine\Binaries\Win64\EpicWebHelper.exe
14:22:36 Roblox CMD: "C:\Users\manan\AppData\Local\Roblox\Versions\version-acc4b74f79e743b9\RobloxPlayerBeta.exe" -app -installerLaunchTimeEpochMs 0 -clientLaunchTimeEpochMs 1777633305510 -isInstallerLaunch 49168
14:22:36 Roblox detected: Roblox
14:22:36 Final REAL games: EpicOnlineServicesUserHelper, EpicGamesLauncher, EpicWebHelper, Roblox
14:22:36 === GetRunningGames() called ===
14:22:36 REAL GAME detected: EpicOnlineServicesUserHelper at C:\Program Files (x86)\Epic Games\Epic Online Services\EpicOnlineServicesUserHelper.exe
14:22:36 REAL GAME detected: EpicOnlineServicesUserHelper at C:\Program Files (x86)\Epic Games\Epic Online Services\EpicOnlineServicesUserHelper.exe
14:22:36 REAL GAME detected: EpicGamesLauncher at C:\Program Files (x86)\Epic Games\Launcher\Portal\Binaries\Win64\EpicGamesLauncher.exe
14:22:36 REAL GAME detected: EpicWebHelper at C:\Program Files (x86)\Epic Games\Launcher\Engine\Binaries\Win64\EpicWebHelper.exe
14:22:36 REAL GAME detected: EpicWebHelper at C:\Program Files (x86)\Epic Games\Launcher\Engine\Binaries\Win64\EpicWebHelper.exe
14:22:36 Roblox CMD: "C:\Users\manan\AppData\Local\Roblox\Versions\version-acc4b74f79e743b9\RobloxPlayerBeta.exe" -app -installerLaunchTimeEpochMs 0 -clientLaunchTimeEpochMs 1777633305510 -isInstallerLaunch 49168
14:22:36 Roblox detected: Roblox
14:22:36 Final REAL games: EpicOnlineServicesUserHelper, EpicGamesLauncher, EpicWebHelper, Roblox
14:22:40 === GetRunningGames() called ===
14:22:40 REAL GAME detected: EpicOnlineServicesUserHelper at C:\Program Files (x86)\Epic Games\Epic Online Services\EpicOnlineServicesUserHelper.exe
14:22:40 REAL GAME detected: EpicOnlineServicesUserHelper at C:\Program Files (x86)\Epic Games\Epic Online Services\EpicOnlineServicesUserHelper.exe
14:22:40 REAL GAME detected: EpicGamesLauncher at C:\Program Files (x86)\Epic Games\Launcher\Portal\Binaries\Win64\EpicGamesLauncher.exe
14:22:40 REAL GAME detected: EpicWebHelper at C:\Program Files (x86)\Epic Games\Launcher\Engine\Binaries\Win64\EpicWebHelper.exe
14:22:40 REAL GAME detected: EpicWebHelper at C:\Program Files (x86)\Epic Games\Launcher\Engine\Binaries\Win64\EpicWebHelper.exe
14:22:41 Roblox CMD: "C:\Users\manan\AppData\Local\Roblox\Versions\version-acc4b74f79e743b9\RobloxPlayerBeta.exe" -app -installerLaunchTimeEpochMs 0 -clientLaunchTimeEpochMs 1777633305510 -isInstallerLaunch 49168
14:22:41 Roblox detected: Roblox
14:22:41 Final REAL games: EpicOnlineServicesUserHelper, EpicGamesLauncher, EpicWebHelper, Roblox
14:24:06 === GetRunningGames() called ===
14:24:06 REAL GAME detected: EpicOnlineServicesUserHelper at C:\Program Files (x86)\Epic Games\Epic Online Services\EpicOnlineServicesUserHelper.exe
14:24:06 REAL GAME detected: EpicOnlineServicesUserHelper at C:\Program Files (x86)\Epic Games\Epic Online Services\EpicOnlineServicesUserHelper.exe
14:24:06 REAL GAME detected: EpicGamesLauncher at C:\Program Files (x86)\Epic Games\Launcher\Portal\Binaries\Win64\EpicGamesLauncher.exe
14:24:06 REAL GAME detected: EpicWebHelper at C:\Program Files (x86)\Epic Games\Launcher\Engine\Binaries\Win64\EpicWebHelper.exe
14:24:06 REAL GAME detected: EpicWebHelper at C:\Program Files (x86)\Epic Games\Launcher\Engine\Binaries\Win64\EpicWebHelper.exe
14:24:06 Roblox CMD: "C:\Users\manan\AppData\Local\Roblox\Versions\version-acc4b74f79e743b9\RobloxPlayerBeta.exe" -app -installerLaunchTimeEpochMs 0 -clientLaunchTimeEpochMs 1777633305510 -isInstallerLaunch 49168
14:24:06 Roblox detected: Roblox
14:24:06 Final REAL games: EpicOnlineServicesUserHelper, EpicGamesLauncher, EpicWebHelper, Roblox
14:24:06 === GetRunningGames() called ===
14:24:06 REAL GAME detected: EpicOnlineServicesUserHelper at C:\Program Files (x86)\Epic Games\Epic Online Services\EpicOnlineServicesUserHelper.exe
14:24:06 REAL GAME detected: EpicOnlineServicesUserHelper at C:\Program Files (x86)\Epic Games\Epic Online Services\EpicOnlineServicesUserHelper.exe
14:24:06 REAL GAME detected: EpicGamesLauncher at C:\Program Files (x86)\Epic Games\Launcher\Portal\Binaries\Win64\EpicGamesLauncher.exe
14:24:06 REAL GAME detected: EpicWebHelper at C:\Program Files (x86)\Epic Games\Launcher\Engine\Binaries\Win64\EpicWebHelper.exe
14:24:06 REAL GAME detected: EpicWebHelper at C:\Program Files (x86)\Epic Games\Launcher\Engine\Binaries\Win64\EpicWebHelper.exe
14:24:07 Roblox CMD: "C:\Users\manan\AppData\Local\Roblox\Versions\version-acc4b74f79e743b9\RobloxPlayerBeta.exe" -app -installerLaunchTimeEpochMs 0 -clientLaunchTimeEpochMs 1777633305510 -isInstallerLaunch 49168
14:24:07 Roblox detected: Roblox
14:24:07 Final REAL games: EpicOnlineServicesUserHelper, EpicGamesLauncher, EpicWebHelper, Roblox
14:24:17 === GetRunningGames() called ===
14:24:17 REAL GAME detected: EpicOnlineServicesUserHelper at C:\Program Files (x86)\Epic Games\Epic Online Services\EpicOnlineServicesUserHelper.exe
14:24:17 REAL GAME detected: EpicOnlineServicesUserHelper at C:\Program Files (x86)\Epic Games\Epic Online Services\EpicOnlineServicesUserHelper.exe
14:24:17 REAL GAME detected: EpicGamesLauncher at C:\Program Files (x86)\Epic Games\Launcher\Portal\Binaries\Win64\EpicGamesLauncher.exe
14:24:17 REAL GAME detected: EpicWebHelper at C:\Program Files (x86)\Epic Games\Launcher\Engine\Binaries\Win64\EpicWebHelper.exe
14:24:17 REAL GAME detected: EpicWebHelper at C:\Program Files (x86)\Epic Games\Launcher\Engine\Binaries\Win64\EpicWebHelper.exe
14:24:17 === GetRunningGames() called ===
14:24:17 REAL GAME detected: EpicOnlineServicesUserHelper at C:\Program Files (x86)\Epic Games\Epic Online Services\EpicOnlineServicesUserHelper.exe
14:24:17 REAL GAME detected: EpicOnlineServicesUserHelper at C:\Program Files (x86)\Epic Games\Epic Online Services\EpicOnlineServicesUserHelper.exe
14:24:17 REAL GAME detected: EpicGamesLauncher at C:\Program Files (x86)\Epic Games\Launcher\Portal\Binaries\Win64\EpicGamesLauncher.exe
14:24:17 REAL GAME detected: EpicWebHelper at C:\Program Files (x86)\Epic Games\Launcher\Engine\Binaries\Win64\EpicWebHelper.exe
14:24:17 REAL GAME detected: EpicWebHelper at C:\Program Files (x86)\Epic Games\Launcher\Engine\Binaries\Win64\EpicWebHelper.exe
14:24:17 Roblox CMD: "C:\Users\manan\AppData\Local\Roblox\Versions\version-acc4b74f79e743b9\RobloxPlayerBeta.exe" -app -installerLaunchTimeEpochMs 0 -clientLaunchTimeEpochMs 1777633305510 -isInstallerLaunch 49168
14:24:17 Roblox detected: Roblox
14:24:17 Final REAL games: EpicOnlineServicesUserHelper, EpicGamesLauncher, EpicWebHelper, Roblox
14:28:13 === GetRunningGames() called ===
14:28:13 REAL GAME detected: EpicOnlineServicesUserHelper at C:\Program Files (x86)\Epic Games\Epic Online Services\EpicOnlineServicesUserHelper.exe
14:28:13 REAL GAME detected: EpicOnlineServicesUserHelper at C:\Program Files (x86)\Epic Games\Epic Online Services\EpicOnlineServicesUserHelper.exe
14:28:13 REAL GAME detected: EpicGamesLauncher at C:\Program Files (x86)\Epic Games\Launcher\Portal\Binaries\Win64\EpicGamesLauncher.exe
14:28:13 REAL GAME detected: EpicWebHelper at C:\Program Files (x86)\Epic Games\Launcher\Engine\Binaries\Win64\EpicWebHelper.exe
14:28:13 REAL GAME detected: EpicWebHelper at C:\Program Files (x86)\Epic Games\Launcher\Engine\Binaries\Win64\EpicWebHelper.exe
14:28:13 Roblox log scan error: The process cannot access the file 'C:\Users\manan\AppData\Local\Roblox\logs\0.719.0.7191339_20260501T110206Z_Player_D3DC4_last.log' because it is being used by another process.
14:28:13 Roblox detected: Roblox
14:28:13 Final REAL games: EpicOnlineServicesUserHelper, EpicGamesLauncher, EpicWebHelper, Roblox
14:28:13 === GetRunningGames() called ===
14:28:13 REAL GAME detected: EpicOnlineServicesUserHelper at C:\Program Files (x86)\Epic Games\Epic Online Services\EpicOnlineServicesUserHelper.exe
14:28:13 REAL GAME detected: EpicOnlineServicesUserHelper at C:\Program Files (x86)\Epic Games\Epic Online Services\EpicOnlineServicesUserHelper.exe
14:28:13 REAL GAME detected: EpicGamesLauncher at C:\Program Files (x86)\Epic Games\Launcher\Portal\Binaries\Win64\EpicGamesLauncher.exe
14:28:13 REAL GAME detected: EpicWebHelper at C:\Program Files (x86)\Epic Games\Launcher\Engine\Binaries\Win64\EpicWebHelper.exe
14:28:13 REAL GAME detected: EpicWebHelper at C:\Program Files (x86)\Epic Games\Launcher\Engine\Binaries\Win64\EpicWebHelper.exe
14:28:13 Roblox log scan error: The process cannot access the file 'C:\Users\manan\AppData\Local\Roblox\logs\0.719.0.7191339_20260501T110206Z_Player_D3DC4_last.log' because it is being used by another process.
14:28:13 Roblox detected: Roblox
14:28:13 Final REAL games: EpicOnlineServicesUserHelper, EpicGamesLauncher, EpicWebHelper, Roblox
14:28:23 === GetRunningGames() called ===
14:28:24 REAL GAME detected: EpicOnlineServicesUserHelper at C:\Program Files (x86)\Epic Games\Epic Online Services\EpicOnlineServicesUserHelper.exe
14:28:24 REAL GAME detected: EpicOnlineServicesUserHelper at C:\Program Files (x86)\Epic Games\Epic Online Services\EpicOnlineServicesUserHelper.exe
14:28:24 REAL GAME detected: EpicGamesLauncher at C:\Program Files (x86)\Epic Games\Launcher\Portal\Binaries\Win64\EpicGamesLauncher.exe
14:28:24 REAL GAME detected: EpicWebHelper at C:\Program Files (x86)\Epic Games\Launcher\Engine\Binaries\Win64\EpicWebHelper.exe
14:28:24 REAL GAME detected: EpicWebHelper at C:\Program Files (x86)\Epic Games\Launcher\Engine\Binaries\Win64\EpicWebHelper.exe
14:28:24 Roblox log scan error: The process cannot access the file 'C:\Users\manan\AppData\Local\Roblox\logs\0.719.0.7191339_20260501T110206Z_Player_D3DC4_last.log' because it is being used by another process.
14:28:24 Roblox detected: Roblox
14:28:24 Final REAL games: EpicOnlineServicesUserHelper, EpicGamesLauncher, EpicWebHelper, Roblox
14:28:24 === GetRunningGames() called ===
14:28:24 REAL GAME detected: EpicOnlineServicesUserHelper at C:\Program Files (x86)\Epic Games\Epic Online Services\EpicOnlineServicesUserHelper.exe
14:28:24 REAL GAME detected: EpicOnlineServicesUserHelper at C:\Program Files (x86)\Epic Games\Epic Online Services\EpicOnlineServicesUserHelper.exe
14:28:24 REAL GAME detected: EpicGamesLauncher at C:\Program Files (x86)\Epic Games\Launcher\Portal\Binaries\Win64\EpicGamesLauncher.exe
14:28:24 REAL GAME detected: EpicWebHelper at C:\Program Files (x86)\Epic Games\Launcher\Engine\Binaries\Win64\EpicWebHelper.exe
14:28:24 REAL GAME detected: EpicWebHelper at C:\Program Files (x86)\Epic Games\Launcher\Engine\Binaries\Win64\EpicWebHelper.exe
14:28:24 Roblox log scan error: The process cannot access the file 'C:\Users\manan\AppData\Local\Roblox\logs\0.719.0.7191339_20260501T110206Z_Player_D3DC4_last.log' because it is being used by another process.
14:28:24 Roblox detected: Roblox
14:28:24 Final REAL games: EpicOnlineServicesUserHelper, EpicGamesLauncher, EpicWebHelper, Roblox
14:28:34 === GetRunningGames() called ===
14:28:34 REAL GAME detected: EpicOnlineServicesUserHelper at C:\Program Files (x86)\Epic Games\Epic Online Services\EpicOnlineServicesUserHelper.exe
14:28:34 REAL GAME detected: EpicOnlineServicesUserHelper at C:\Program Files (x86)\Epic Games\Epic Online Services\EpicOnlineServicesUserHelper.exe
14:28:34 REAL GAME detected: EpicGamesLauncher at C:\Program Files (x86)\Epic Games\Launcher\Portal\Binaries\Win64\EpicGamesLauncher.exe
14:28:34 REAL GAME detected: EpicWebHelper at C:\Program Files (x86)\Epic Games\Launcher\Engine\Binaries\Win64\EpicWebHelper.exe
14:28:34 REAL GAME detected: EpicWebHelper at C:\Program Files (x86)\Epic Games\Launcher\Engine\Binaries\Win64\EpicWebHelper.exe
14:28:35 Roblox log scan error: The process cannot access the file 'C:\Users\manan\AppData\Local\Roblox\logs\0.719.0.7191339_20260501T110206Z_Player_D3DC4_last.log' because it is being used by another process.
14:28:35 Roblox detected: Roblox
14:28:35 Final REAL games: EpicOnlineServicesUserHelper, EpicGamesLauncher, EpicWebHelper, Roblox
14:28:35 === GetRunningGames() called ===
14:28:35 REAL GAME detected: EpicOnlineServicesUserHelper at C:\Program Files (x86)\Epic Games\Epic Online Services\EpicOnlineServicesUserHelper.exe
14:28:35 REAL GAME detected: EpicOnlineServicesUserHelper at C:\Program Files (x86)\Epic Games\Epic Online Services\EpicOnlineServicesUserHelper.exe
14:28:35 REAL GAME detected: EpicGamesLauncher at C:\Program Files (x86)\Epic Games\Launcher\Portal\Binaries\Win64\EpicGamesLauncher.exe
14:28:35 REAL GAME detected: EpicWebHelper at C:\Program Files (x86)\Epic Games\Launcher\Engine\Binaries\Win64\EpicWebHelper.exe
14:28:35 REAL GAME detected: EpicWebHelper at C:\Program Files (x86)\Epic Games\Launcher\Engine\Binaries\Win64\EpicWebHelper.exe
14:28:35 Roblox log scan error: The process cannot access the file 'C:\Users\manan\AppData\Local\Roblox\logs\0.719.0.7191339_20260501T110206Z_Player_D3DC4_last.log' because it is being used by another process.
14:28:35 Roblox detected: Roblox
14:28:35 Final REAL games: EpicOnlineServicesUserHelper, EpicGamesLauncher, EpicWebHelper, Roblox
14:28:45 === GetRunningGames() called ===
14:28:45 REAL GAME detected: EpicOnlineServicesUserHelper at C:\Program Files (x86)\Epic Games\Epic Online Services\EpicOnlineServicesUserHelper.exe
14:28:45 REAL GAME detected: EpicOnlineServicesUserHelper at C:\Program Files (x86)\Epic Games\Epic Online Services\EpicOnlineServicesUserHelper.exe
14:28:45 REAL GAME detected: EpicGamesLauncher at C:\Program Files (x86)\Epic Games\Launcher\Portal\Binaries\Win64\EpicGamesLauncher.exe
14:28:45 REAL GAME detected: EpicWebHelper at C:\Program Files (x86)\Epic Games\Launcher\Engine\Binaries\Win64\EpicWebHelper.exe
14:28:45 REAL GAME detected: EpicWebHelper at C:\Program Files (x86)\Epic Games\Launcher\Engine\Binaries\Win64\EpicWebHelper.exe
14:28:45 Roblox log scan error: The process cannot access the file 'C:\Users\manan\AppData\Local\Roblox\logs\0.719.0.7191339_20260501T110206Z_Player_D3DC4_last.log' because it is being used by another process.
14:28:45 Roblox detected: Roblox
14:28:45 Final REAL games: EpicOnlineServicesUserHelper, EpicGamesLauncher, EpicWebHelper, Roblox
14:28:45 === GetRunningGames() called ===
14:28:45 REAL GAME detected: EpicOnlineServicesUserHelper at C:\Program Files (x86)\Epic Games\Epic Online Services\EpicOnlineServicesUserHelper.exe
14:28:45 REAL GAME detected: EpicOnlineServicesUserHelper at C:\Program Files (x86)\Epic Games\Epic Online Services\EpicOnlineServicesUserHelper.exe
14:28:45 REAL GAME detected: EpicGamesLauncher at C:\Program Files (x86)\Epic Games\Launcher\Portal\Binaries\Win64\EpicGamesLauncher.exe
14:28:45 REAL GAME detected: EpicWebHelper at C:\Program Files (x86)\Epic Games\Launcher\Engine\Binaries\Win64\EpicWebHelper.exe
14:28:45 REAL GAME detected: EpicWebHelper at C:\Program Files (x86)\Epic Games\Launcher\Engine\Binaries\Win64\EpicWebHelper.exe
14:28:45 Roblox log scan error: The process cannot access the file 'C:\Users\manan\AppData\Local\Roblox\logs\0.719.0.7191339_20260501T110206Z_Player_D3DC4_last.log' because it is being used by another process.
14:28:45 Roblox detected: Roblox
14:28:45 Final REAL games: EpicOnlineServicesUserHelper, EpicGamesLauncher, EpicWebHelper, Roblox
14:28:55 === GetRunningGames() called ===
14:28:55 REAL GAME detected: EpicOnlineServicesUserHelper at C:\Program Files (x86)\Epic Games\Epic Online Services\EpicOnlineServicesUserHelper.exe
14:28:55 REAL GAME detected: EpicOnlineServicesUserHelper at C:\Program Files (x86)\Epic Games\Epic Online Services\EpicOnlineServicesUserHelper.exe
14:28:55 REAL GAME detected: EpicGamesLauncher at C:\Program Files (x86)\Epic Games\Launcher\Portal\Binaries\Win64\EpicGamesLauncher.exe
14:28:55 REAL GAME detected: EpicWebHelper at C:\Program Files (x86)\Epic Games\Launcher\Engine\Binaries\Win64\EpicWebHelper.exe
14:28:55 REAL GAME detected: EpicWebHelper at C:\Program Files (x86)\Epic Games\Launcher\Engine\Binaries\Win64\EpicWebHelper.exe
14:28:55 Roblox log scan error: The process cannot access the file 'C:\Users\manan\AppData\Local\Roblox\logs\0.719.0.7191339_20260501T110206Z_Player_D3DC4_last.log' because it is being used by another process.
14:28:55 Roblox detected: Roblox
14:28:55 Final REAL games: EpicOnlineServicesUserHelper, EpicGamesLauncher, EpicWebHelper, Roblox
14:28:55 === GetRunningGames() called ===
14:28:56 REAL GAME detected: EpicOnlineServicesUserHelper at C:\Program Files (x86)\Epic Games\Epic Online Services\EpicOnlineServicesUserHelper.exe
14:28:56 REAL GAME detected: EpicOnlineServicesUserHelper at C:\Program Files (x86)\Epic Games\Epic Online Services\EpicOnlineServicesUserHelper.exe
14:28:56 REAL GAME detected: EpicGamesLauncher at C:\Program Files (x86)\Epic Games\Launcher\Portal\Binaries\Win64\EpicGamesLauncher.exe
14:28:56 REAL GAME detected: EpicWebHelper at C:\Program Files (x86)\Epic Games\Launcher\Engine\Binaries\Win64\EpicWebHelper.exe
14:28:56 REAL GAME detected: EpicWebHelper at C:\Program Files (x86)\Epic Games\Launcher\Engine\Binaries\Win64\EpicWebHelper.exe
14:28:56 Roblox log scan error: The process cannot access the file 'C:\Users\manan\AppData\Local\Roblox\logs\0.719.0.7191339_20260501T110206Z_Player_D3DC4_last.log' because it is being used by another process.
14:28:56 Roblox detected: Roblox
14:28:56 Final REAL games: EpicOnlineServicesUserHelper, EpicGamesLauncher, EpicWebHelper, Roblox
14:29:06 === GetRunningGames() called ===
14:29:06 REAL GAME detected: EpicOnlineServicesUserHelper at C:\Program Files (x86)\Epic Games\Epic Online Services\EpicOnlineServicesUserHelper.exe
14:29:06 REAL GAME detected: EpicOnlineServicesUserHelper at C:\Program Files (x86)\Epic Games\Epic Online Services\EpicOnlineServicesUserHelper.exe
14:29:06 REAL GAME detected: EpicGamesLauncher at C:\Program Files (x86)\Epic Games\Launcher\Portal\Binaries\Win64\EpicGamesLauncher.exe
14:29:06 REAL GAME detected: EpicWebHelper at C:\Program Files (x86)\Epic Games\Launcher\Engine\Binaries\Win64\EpicWebHelper.exe
14:29:06 REAL GAME detected: EpicWebHelper at C:\Program Files (x86)\Epic Games\Launcher\Engine\Binaries\Win64\EpicWebHelper.exe
14:29:06 Roblox log scan error: The process cannot access the file 'C:\Users\manan\AppData\Local\Roblox\logs\0.719.0.7191339_20260501T110206Z_Player_D3DC4_last.log' because it is being used by another process.
14:29:06 Roblox detected: Roblox
14:29:06 Final REAL games: EpicOnlineServicesUserHelper, EpicGamesLauncher, EpicWebHelper, Roblox
14:29:06 === GetRunningGames() called ===
14:29:06 REAL GAME detected: EpicOnlineServicesUserHelper at C:\Program Files (x86)\Epic Games\Epic Online Services\EpicOnlineServicesUserHelper.exe
14:29:06 REAL GAME detected: EpicOnlineServicesUserHelper at C:\Program Files (x86)\Epic Games\Epic Online Services\EpicOnlineServicesUserHelper.exe
14:29:06 REAL GAME detected: EpicGamesLauncher at C:\Program Files (x86)\Epic Games\Launcher\Portal\Binaries\Win64\EpicGamesLauncher.exe
14:29:06 REAL GAME detected: EpicWebHelper at C:\Program Files (x86)\Epic Games\Launcher\Engine\Binaries\Win64\EpicWebHelper.exe
14:29:06 REAL GAME detected: EpicWebHelper at C:\Program Files (x86)\Epic Games\Launcher\Engine\Binaries\Win64\EpicWebHelper.exe
14:29:06 Roblox log scan error: The process cannot access the file 'C:\Users\manan\AppData\Local\Roblox\logs\0.719.0.7191339_20260501T110206Z_Player_D3DC4_last.log' because it is being used by another process.
14:29:06 Roblox detected: Roblox
14:29:06 Final REAL games: EpicOnlineServicesUserHelper, EpicGamesLauncher, EpicWebHelper, Roblox
14:29:16 === GetRunningGames() called ===
14:29:16 REAL GAME detected: EpicOnlineServicesUserHelper at C:\Program Files (x86)\Epic Games\Epic Online Services\EpicOnlineServicesUserHelper.exe
14:29:16 REAL GAME detected: EpicOnlineServicesUserHelper at C:\Program Files (x86)\Epic Games\Epic Online Services\EpicOnlineServicesUserHelper.exe
14:29:16 REAL GAME detected: EpicGamesLauncher at C:\Program Files (x86)\Epic Games\Launcher\Portal\Binaries\Win64\EpicGamesLauncher.exe
14:29:16 REAL GAME detected: EpicWebHelper at C:\Program Files (x86)\Epic Games\Launcher\Engine\Binaries\Win64\EpicWebHelper.exe
14:29:16 REAL GAME detected: EpicWebHelper at C:\Program Files (x86)\Epic Games\Launcher\Engine\Binaries\Win64\EpicWebHelper.exe
14:29:16 Roblox log scan error: The process cannot access the file 'C:\Users\manan\AppData\Local\Roblox\logs\0.719.0.7191339_20260501T110206Z_Player_D3DC4_last.log' because it is being used by another process.
14:29:16 Roblox detected: Roblox
14:29:16 Final REAL games: EpicOnlineServicesUserHelper, EpicGamesLauncher, EpicWebHelper, Roblox
14:29:16 === GetRunningGames() called ===
14:29:16 REAL GAME detected: EpicOnlineServicesUserHelper at C:\Program Files (x86)\Epic Games\Epic Online Services\EpicOnlineServicesUserHelper.exe
14:29:16 REAL GAME detected: EpicOnlineServicesUserHelper at C:\Program Files (x86)\Epic Games\Epic Online Services\EpicOnlineServicesUserHelper.exe
14:29:16 REAL GAME detected: EpicGamesLauncher at C:\Program Files (x86)\Epic Games\Launcher\Portal\Binaries\Win64\EpicGamesLauncher.exe
14:29:16 REAL GAME detected: EpicWebHelper at C:\Program Files (x86)\Epic Games\Launcher\Engine\Binaries\Win64\EpicWebHelper.exe
14:29:16 REAL GAME detected: EpicWebHelper at C:\Program Files (x86)\Epic Games\Launcher\Engine\Binaries\Win64\EpicWebHelper.exe
14:29:16 Roblox log scan error: The process cannot access the file 'C:\Users\manan\AppData\Local\Roblox\logs\0.719.0.7191339_20260501T110206Z_Player_D3DC4_last.log' because it is being used by another process.
14:29:16 Roblox detected: Roblox
14:29:16 Final REAL games: EpicOnlineServicesUserHelper, EpicGamesLauncher, EpicWebHelper, Roblox
14:29:26 === GetRunningGames() called ===
14:29:26 REAL GAME detected: EpicOnlineServicesUserHelper at C:\Program Files (x86)\Epic Games\Epic Online Services\EpicOnlineServicesUserHelper.exe
14:29:26 REAL GAME detected: EpicOnlineServicesUserHelper at C:\Program Files (x86)\Epic Games\Epic Online Services\EpicOnlineServicesUserHelper.exe
14:29:26 REAL GAME detected: EpicGamesLauncher at C:\Program Files (x86)\Epic Games\Launcher\Portal\Binaries\Win64\EpicGamesLauncher.exe
14:29:26 REAL GAME detected: EpicWebHelper at C:\Program Files (x86)\Epic Games\Launcher\Engine\Binaries\Win64\EpicWebHelper.exe
14:29:26 REAL GAME detected: EpicWebHelper at C:\Program Files (x86)\Epic Games\Launcher\Engine\Binaries\Win64\EpicWebHelper.exe
14:29:27 Roblox log scan error: The process cannot access the file 'C:\Users\manan\AppData\Local\Roblox\logs\0.719.0.7191339_20260501T110206Z_Player_D3DC4_last.log' because it is being used by another process.
14:29:27 Roblox detected: Roblox
14:29:27 Final REAL games: EpicOnlineServicesUserHelper, EpicGamesLauncher, EpicWebHelper, Roblox
14:29:27 === GetRunningGames() called ===
14:29:27 REAL GAME detected: EpicOnlineServicesUserHelper at C:\Program Files (x86)\Epic Games\Epic Online Services\EpicOnlineServicesUserHelper.exe
14:29:27 REAL GAME detected: EpicOnlineServicesUserHelper at C:\Program Files (x86)\Epic Games\Epic Online Services\EpicOnlineServicesUserHelper.exe
14:29:27 REAL GAME detected: EpicGamesLauncher at C:\Program Files (x86)\Epic Games\Launcher\Portal\Binaries\Win64\EpicGamesLauncher.exe
14:29:27 REAL GAME detected: EpicWebHelper at C:\Program Files (x86)\Epic Games\Launcher\Engine\Binaries\Win64\EpicWebHelper.exe
14:29:27 REAL GAME detected: EpicWebHelper at C:\Program Files (x86)\Epic Games\Launcher\Engine\Binaries\Win64\EpicWebHelper.exe
14:29:27 Roblox log scan error: The process cannot access the file 'C:\Users\manan\AppData\Local\Roblox\logs\0.719.0.7191339_20260501T110206Z_Player_D3DC4_last.log' because it is being used by another process.
14:29:27 Roblox detected: Roblox
14:29:27 Final REAL games: EpicOnlineServicesUserHelper, EpicGamesLauncher, EpicWebHelper, Roblox
14:29:36 === GetRunningGames() called ===
14:29:36 REAL GAME detected: EpicOnlineServicesUserHelper at C:\Program Files (x86)\Epic Games\Epic Online Services\EpicOnlineServicesUserHelper.exe
14:29:36 REAL GAME detected: EpicOnlineServicesUserHelper at C:\Program Files (x86)\Epic Games\Epic Online Services\EpicOnlineServicesUserHelper.exe
14:29:36 REAL GAME detected: EpicGamesLauncher at C:\Program Files (x86)\Epic Games\Launcher\Portal\Binaries\Win64\EpicGamesLauncher.exe
14:29:36 REAL GAME detected: EpicWebHelper at C:\Program Files (x86)\Epic Games\Launcher\Engine\Binaries\Win64\EpicWebHelper.exe
14:29:36 REAL GAME detected: EpicWebHelper at C:\Program Files (x86)\Epic Games\Launcher\Engine\Binaries\Win64\EpicWebHelper.exe
14:29:36 Roblox log scan error: The process cannot access the file 'C:\Users\manan\AppData\Local\Roblox\logs\0.719.0.7191339_20260501T110206Z_Player_D3DC4_last.log' because it is being used by another process.
14:29:36 Roblox detected: Roblox
14:29:36 Final REAL games: EpicOnlineServicesUserHelper, EpicGamesLauncher, EpicWebHelper, Roblox
